{
  "RSpec": {
    "coverage": {
      "/Users/vxanani/vutivi/interviews/ovex/spec/models/account_history_spec.rb": {
        "lines": [
          1,
          null,
          1,
          1,
          1,
          null,
          null,
          2,
          2,
          2,
          2,
          null
        ]
      },
      "/Users/vxanani/vutivi/interviews/ovex/spec/rails_helper.rb": {
        "lines": [
          null,
          1,
          1,
          1,
          null,
          1,
          1,
          null,
          1,
          1,
          null,
          null,
          null,
          null,
          null,
          null,
          null,
          null,
          null,
          null,
          null,
          null,
          null,
          null,
          null,
          null,
          null,
          null,
          null,
          1,
          null,
          0,
          0,
          null,
          null,
          1,
          null,
          1,
          null,
          null,
          null,
          null,
          1,
          null,
          null,
          null,
          null,
          null,
          null,
          null,
          null,
          null,
          null,
          null,
          null,
          null,
          null,
          null,
          null,
          null,
          1,
          null,
          null,
          1,
          null,
          null,
          null,
          null,
          null,
          1,
          1,
          1,
          1,
          null,
          null
        ]
      },
      "/Users/vxanani/vutivi/interviews/ovex/config/environment.rb": {
        "lines": [
          null,
          1,
          null,
          null,
          1
        ]
      },
      "/Users/vxanani/vutivi/interviews/ovex/config/application.rb": {
        "lines": [
          1,
          null,
          1,
          null,
          null,
          null,
          1,
          null,
          1,
          1,
          null,
          1,
          null,
          null,
          null,
          null,
          null,
          null,
          null,
          null,
          null,
          null
        ]
      },
      "/Users/vxanani/vutivi/interviews/ovex/config/boot.rb": {
        "lines": [
          1,
          null,
          1,
          1
        ]
      },
      "/Users/vxanani/vutivi/interviews/ovex/config/environments/test.rb": {
        "lines": [
          1,
          null,
          null,
          null,
          null,
          null,
          null,
          1,
          null,
          null,
          1,
          1,
          null,
          null,
          null,
          null,
          1,
          null,
          null,
          1,
          1,
          null,
          null,
          null,
          null,
          1,
          1,
          1,
          null,
          null,
          1,
          null,
          null,
          1,
          null,
          null,
          1,
          null,
          1,
          null,
          null,
          null,
          null,
          1,
          null,
          null,
          1,
          null,
          null,
          1,
          null,
          null,
          1,
          null,
          null,
          null,
          null,
          null,
          null,
          null
        ]
      },
      "/Users/vxanani/vutivi/interviews/ovex/config/initializers/application_controller_renderer.rb": {
        "lines": [
          null,
          null,
          null,
          null,
          null,
          null,
          null,
          null
        ]
      },
      "/Users/vxanani/vutivi/interviews/ovex/config/initializers/assets.rb": {
        "lines": [
          null,
          null,
          null,
          1,
          null,
          null,
          null,
          null,
          1,
          null,
          null,
          null,
          null,
          null
        ]
      },
      "/Users/vxanani/vutivi/interviews/ovex/config/initializers/backtrace_silencers.rb": {
        "lines": [
          null,
          null,
          null,
          null,
          null,
          null,
          null,
          1
        ]
      },
      "/Users/vxanani/vutivi/interviews/ovex/config/initializers/content_security_policy.rb": {
        "lines": [
          null,
          null,
          null,
          null,
          null,
          null,
          null,
          null,
          null,
          null,
          null,
          null,
          null,
          null,
          null,
          null,
          null,
          null,
          null,
          null,
          null,
          null,
          null,
          null,
          null,
          null,
          null,
          null,
          null,
          null
        ]
      },
      "/Users/vxanani/vutivi/interviews/ovex/config/initializers/cookies_serializer.rb": {
        "lines": [
          null,
          null,
          null,
          null,
          1
        ]
      },
      "/Users/vxanani/vutivi/interviews/ovex/config/initializers/filter_parameter_logging.rb": {
        "lines": [
          null,
          null,
          null,
          1,
          null,
          null
        ]
      },
      "/Users/vxanani/vutivi/interviews/ovex/config/initializers/inflections.rb": {
        "lines": [
          null,
          null,
          null,
          null,
          null,
          null,
          null,
          null,
          null,
          null,
          null,
          null,
          null,
          null,
          null,
          null
        ]
      },
      "/Users/vxanani/vutivi/interviews/ovex/config/initializers/mime_types.rb": {
        "lines": [
          null,
          null,
          null,
          null
        ]
      },
      "/Users/vxanani/vutivi/interviews/ovex/config/initializers/permissions_policy.rb": {
        "lines": [
          null,
          null,
          null,
          null,
          null,
          null,
          null,
          null,
          null,
          null,
          null
        ]
      },
      "/Users/vxanani/vutivi/interviews/ovex/config/initializers/wrap_parameters.rb": {
        "lines": [
          null,
          null,
          null,
          null,
          null,
          null,
          1,
          2,
          null,
          null,
          null,
          null,
          null,
          null
        ]
      },
      "/Users/vxanani/vutivi/interviews/ovex/spec/factories/account_histories.rb": {
        "lines": [
          1,
          1,
          null,
          1,
          null,
          2,
          2,
          2,
          2,
          2,
          null,
          null
        ]
      },
      "/Users/vxanani/vutivi/interviews/ovex/spec/factories/accounts.rb": {
        "lines": [
          1,
          1,
          11,
          13,
          12,
          13,
          null,
          null
        ]
      },
      "/Users/vxanani/vutivi/interviews/ovex/spec/factories/currencies.rb": {
        "lines": [
          1,
          1,
          17,
          17,
          17,
          null,
          null
        ]
      },
      "/Users/vxanani/vutivi/interviews/ovex/spec/factories/deposits.rb": {
        "lines": [
          1,
          1,
          2,
          4,
          4,
          4,
          4,
          null,
          null
        ]
      },
      "/Users/vxanani/vutivi/interviews/ovex/spec/factories/members.rb": {
        "lines": [
          1,
          1,
          null,
          null
        ]
      },
      "/Users/vxanani/vutivi/interviews/ovex/config/routes.rb": {
        "lines": [
          1,
          null,
          null
        ]
      },
      "/Users/vxanani/vutivi/interviews/ovex/app/helpers/application_helper.rb": {
        "lines": [
          1,
          null
        ]
      },
      "/Users/vxanani/vutivi/interviews/ovex/spec/support/factory_bot.rb": {
        "lines": [
          1,
          1,
          null
        ]
      },
      "/Users/vxanani/vutivi/interviews/ovex/app/models/account_history.rb": {
        "lines": [
          1,
          1,
          null,
          1,
          null,
          1,
          null
        ]
      },
      "/Users/vxanani/vutivi/interviews/ovex/app/models/application_record.rb": {
        "lines": [
          1,
          1,
          null
        ]
      },
      "/Users/vxanani/vutivi/interviews/ovex/spec/models/account_spec.rb": {
        "lines": [
          1,
          null,
          1,
          8,
          null,
          1,
          1,
          null,
          null,
          1,
          1,
          1,
          1,
          2,
          null,
          null,
          null,
          1,
          1,
          1,
          2,
          null,
          null,
          null,
          1,
          1,
          3,
          null,
          1,
          2,
          null,
          null,
          1,
          1,
          2,
          null,
          null,
          null,
          1,
          1,
          1,
          4,
          null,
          null,
          null,
          null,
          1,
          1,
          1,
          4,
          null,
          null,
          1,
          1,
          1,
          1,
          null,
          1,
          null,
          1,
          1,
          1,
          1,
          1,
          null,
          null,
          null,
          null,
          null,
          1,
          3,
          3,
          null,
          1,
          2,
          null,
          null,
          1,
          4,
          null,
          null,
          1,
          1,
          4,
          null,
          null,
          null,
          null
        ]
      },
      "/Users/vxanani/vutivi/interviews/ovex/app/models/account.rb": {
        "lines": [
          1,
          1,
          1,
          null,
          1,
          null,
          1,
          10,
          9,
          8,
          null,
          7,
          7,
          null,
          null,
          null,
          null,
          null,
          null,
          1,
          2,
          2,
          2,
          null,
          null
        ]
      },
      "/Users/vxanani/vutivi/interviews/ovex/spec/models/currency_spec.rb": {
        "lines": [
          1,
          null,
          1,
          1,
          1,
          null,
          null,
          2,
          2,
          null
        ]
      },
      "/Users/vxanani/vutivi/interviews/ovex/app/models/currency.rb": {
        "lines": [
          1,
          1,
          null,
          1,
          1,
          null
        ]
      },
      "/Users/vxanani/vutivi/interviews/ovex/spec/models/deposit_spec.rb": {
        "lines": [
          1,
          null,
          1,
          3,
          3,
          null,
          2,
          2,
          2,
          1,
          1,
          null,
          null,
          1,
          1,
          1,
          1,
          null,
          1,
          null,
          null,
          1,
          1,
          1,
          1,
          null,
          1,
          1,
          1,
          1,
          1,
          null,
          null,
          null
        ]
      },
      "/Users/vxanani/vutivi/interviews/ovex/app/models/deposit.rb": {
        "lines": [
          1,
          1,
          null,
          1,
          1,
          null,
          1,
          null,
          1,
          4,
          null,
          null,
          1,
          10,
          null,
          null,
          1,
          2,
          2,
          null,
          null,
          null,
          null,
          null,
          null
        ]
      },
      "/Users/vxanani/vutivi/interviews/ovex/spec/models/member_spec.rb": {
        "lines": [
          1,
          null,
          1,
          1,
          null,
          1,
          1,
          null,
          null
        ]
      },
      "/Users/vxanani/vutivi/interviews/ovex/app/models/member.rb": {
        "lines": [
          1,
          1,
          1,
          null
        ]
      }
    },
    "timestamp": 1647342728
  }
}
